Performing C++ SOURCE FILE Test COMPILER_SUPPORT_Wshorten64to32 failed with the following output:
Change Dir: /home/captcha/HoldonBeginner/Sft/Github/eigen/build/CMakeFiles/CMakeTmp

Run Build Command:"/usr/bin/make" "cmTC_ea67d/fast"
/usr/bin/make -f CMakeFiles/cmTC_ea67d.dir/build.make CMakeFiles/cmTC_ea67d.dir/build
make[1]: Entering directory '/home/captcha/HoldonBeginner/Sft/Github/eigen/build/CMakeFiles/CMakeTmp'
Building CXX object CMakeFiles/cmTC_ea67d.dir/src.cxx.o
/usr/bin/c++     -pedantic -Wall -Wextra -Wundef -Wcast-align -Wchar-subscripts -Wnon-virtual-dtor -Wunused-local-typedefs -Wpointer-arith -Wwrite-strings -Wformat-security -DCOMPILER_SUPPORT_Wshorten64to32 -Werror   -Wshorten-64-to-32 -o CMakeFiles/cmTC_ea67d.dir/src.cxx.o -c /home/captcha/HoldonBeginner/Sft/Github/eigen/build/CMakeFiles/CMakeTmp/src.cxx
c++: error: unrecognized command line option '-Wshorten-64-to-32'
CMakeFiles/cmTC_ea67d.dir/build.make:65: recipe for target 'CMakeFiles/cmTC_ea67d.dir/src.cxx.o' failed
make[1]: *** [CMakeFiles/cmTC_ea67d.dir/src.cxx.o] Error 1
make[1]: Leaving directory '/home/captcha/HoldonBeginner/Sft/Github/eigen/build/CMakeFiles/CMakeTmp'
Makefile:126: recipe for target 'cmTC_ea67d/fast' failed
make: *** [cmTC_ea67d/fast] Error 2

Source file was:
int main() { return 0; }
Performing C++ SOURCE FILE Test COMPILER_SUPPORT_Wenumconversion failed with the following output:
Change Dir: /home/captcha/HoldonBeginner/Sft/Github/eigen/build/CMakeFiles/CMakeTmp

Run Build Command:"/usr/bin/make" "cmTC_e5eea/fast"
/usr/bin/make -f CMakeFiles/cmTC_e5eea.dir/build.make CMakeFiles/cmTC_e5eea.dir/build
make[1]: Entering directory '/home/captcha/HoldonBeginner/Sft/Github/eigen/build/CMakeFiles/CMakeTmp'
Building CXX object CMakeFiles/cmTC_e5eea.dir/src.cxx.o
/usr/bin/c++     -pedantic -Wall -Wextra -Wundef -Wcast-align -Wchar-subscripts -Wnon-virtual-dtor -Wunused-local-typedefs -Wpointer-arith -Wwrite-strings -Wformat-security -Wlogical-op -DCOMPILER_SUPPORT_Wenumconversion -Werror   -Wenum-conversion -o CMakeFiles/cmTC_e5eea.dir/src.cxx.o -c /home/captcha/HoldonBeginner/Sft/Github/eigen/build/CMakeFiles/CMakeTmp/src.cxx
c++: error: unrecognized command line option '-Wenum-conversion'
CMakeFiles/cmTC_e5eea.dir/build.make:65: recipe for target 'CMakeFiles/cmTC_e5eea.dir/src.cxx.o' failed
make[1]: *** [CMakeFiles/cmTC_e5eea.dir/src.cxx.o] Error 1
make[1]: Leaving directory '/home/captcha/HoldonBeginner/Sft/Github/eigen/build/CMakeFiles/CMakeTmp'
Makefile:126: recipe for target 'cmTC_e5eea/fast' failed
make: *** [cmTC_e5eea/fast] Error 2

Source file was:
int main() { return 0; }
Performing C++ SOURCE FILE Test COMPILER_SUPPORT_Wcpp11extensions failed with the following output:
Change Dir: /home/captcha/HoldonBeginner/Sft/Github/eigen/build/CMakeFiles/CMakeTmp

Run Build Command:"/usr/bin/make" "cmTC_4a9f9/fast"
/usr/bin/make -f CMakeFiles/cmTC_4a9f9.dir/build.make CMakeFiles/cmTC_4a9f9.dir/build
make[1]: Entering directory '/home/captcha/HoldonBeginner/Sft/Github/eigen/build/CMakeFiles/CMakeTmp'
Building CXX object CMakeFiles/cmTC_4a9f9.dir/src.cxx.o
/usr/bin/c++     -pedantic -Wall -Wextra -Wundef -Wcast-align -Wchar-subscripts -Wnon-virtual-dtor -Wunused-local-typedefs -Wpointer-arith -Wwrite-strings -Wformat-security -Wlogical-op -DCOMPILER_SUPPORT_Wcpp11extensions -Werror   -Wc++11-extensions -o CMakeFiles/cmTC_4a9f9.dir/src.cxx.o -c /home/captcha/HoldonBeginner/Sft/Github/eigen/build/CMakeFiles/CMakeTmp/src.cxx
c++: error: unrecognized command line option '-Wc++11-extensions'
CMakeFiles/cmTC_4a9f9.dir/build.make:65: recipe for target 'CMakeFiles/cmTC_4a9f9.dir/src.cxx.o' failed
make[1]: *** [CMakeFiles/cmTC_4a9f9.dir/src.cxx.o] Error 1
make[1]: Leaving directory '/home/captcha/HoldonBeginner/Sft/Github/eigen/build/CMakeFiles/CMakeTmp'
Makefile:126: recipe for target 'cmTC_4a9f9/fast' failed
make: *** [cmTC_4a9f9/fast] Error 2

Source file was:
int main() { return 0; }
Performing C++ SOURCE FILE Test COMPILER_SUPPORT_wd981 failed with the following output:
Change Dir: /home/captcha/HoldonBeginner/Sft/Github/eigen/build/CMakeFiles/CMakeTmp

Run Build Command:"/usr/bin/make" "cmTC_7bd44/fast"
/usr/bin/make -f CMakeFiles/cmTC_7bd44.dir/build.make CMakeFiles/cmTC_7bd44.dir/build
make[1]: Entering directory '/home/captcha/HoldonBeginner/Sft/Github/eigen/build/CMakeFiles/CMakeTmp'
Building CXX object CMakeFiles/cmTC_7bd44.dir/src.cxx.o
/usr/bin/c++     -pedantic -Wall -Wextra -Wundef -Wcast-align -Wchar-subscripts -Wnon-virtual-dtor -Wunused-local-typedefs -Wpointer-arith -Wwrite-strings -Wformat-security -Wlogical-op -Wdouble-promotion -Wno-psabi -Wno-variadic-macros -Wno-long-long -fno-check-new -fno-common -fstrict-aliasing -DCOMPILER_SUPPORT_wd981 -Werror   -wd981 -o CMakeFiles/cmTC_7bd44.dir/src.cxx.o -c /home/captcha/HoldonBeginner/Sft/Github/eigen/build/CMakeFiles/CMakeTmp/src.cxx
c++: error: unrecognized command line option '-wd981'
CMakeFiles/cmTC_7bd44.dir/build.make:65: recipe for target 'CMakeFiles/cmTC_7bd44.dir/src.cxx.o' failed
make[1]: *** [CMakeFiles/cmTC_7bd44.dir/src.cxx.o] Error 1
make[1]: Leaving directory '/home/captcha/HoldonBeginner/Sft/Github/eigen/build/CMakeFiles/CMakeTmp'
Makefile:126: recipe for target 'cmTC_7bd44/fast' failed
make: *** [cmTC_7bd44/fast] Error 2

Source file was:
int main() { return 0; }
Performing C++ SOURCE FILE Test COMPILER_SUPPORT_wd2304 failed with the following output:
Change Dir: /home/captcha/HoldonBeginner/Sft/Github/eigen/build/CMakeFiles/CMakeTmp

Run Build Command:"/usr/bin/make" "cmTC_c2017/fast"
/usr/bin/make -f CMakeFiles/cmTC_c2017.dir/build.make CMakeFiles/cmTC_c2017.dir/build
make[1]: Entering directory '/home/captcha/HoldonBeginner/Sft/Github/eigen/build/CMakeFiles/CMakeTmp'
Building CXX object CMakeFiles/cmTC_c2017.dir/src.cxx.o
/usr/bin/c++     -pedantic -Wall -Wextra -Wundef -Wcast-align -Wchar-subscripts -Wnon-virtual-dtor -Wunused-local-typedefs -Wpointer-arith -Wwrite-strings -Wformat-security -Wlogical-op -Wdouble-promotion -Wno-psabi -Wno-variadic-macros -Wno-long-long -fno-check-new -fno-common -fstrict-aliasing -DCOMPILER_SUPPORT_wd2304 -Werror   -wd2304 -o CMakeFiles/cmTC_c2017.dir/src.cxx.o -c /home/captcha/HoldonBeginner/Sft/Github/eigen/build/CMakeFiles/CMakeTmp/src.cxx
c++: error: unrecognized command line option '-wd2304'
CMakeFiles/cmTC_c2017.dir/build.make:65: recipe for target 'CMakeFiles/cmTC_c2017.dir/src.cxx.o' failed
make[1]: *** [CMakeFiles/cmTC_c2017.dir/src.cxx.o] Error 1
make[1]: Leaving directory '/home/captcha/HoldonBeginner/Sft/Github/eigen/build/CMakeFiles/CMakeTmp'
Makefile:126: recipe for target 'cmTC_c2017/fast' failed
make: *** [cmTC_c2017/fast] Error 2

Source file was:
int main() { return 0; }
Performing C++ SOURCE FILE Test COMPILER_SUPPORT_STRICTANSI failed with the following output:
Change Dir: /home/captcha/HoldonBeginner/Sft/Github/eigen/build/CMakeFiles/CMakeTmp

Run Build Command:"/usr/bin/make" "cmTC_5a6ba/fast"
/usr/bin/make -f CMakeFiles/cmTC_5a6ba.dir/build.make CMakeFiles/cmTC_5a6ba.dir/build
make[1]: Entering directory '/home/captcha/HoldonBeginner/Sft/Github/eigen/build/CMakeFiles/CMakeTmp'
Building CXX object CMakeFiles/cmTC_5a6ba.dir/src.cxx.o
/usr/bin/c++     -pedantic -Wall -Wextra -Wundef -Wcast-align -Wchar-subscripts -Wnon-virtual-dtor -Wunused-local-typedefs -Wpointer-arith -Wwrite-strings -Wformat-security -Wlogical-op -Wdouble-promotion -Wno-psabi -Wno-variadic-macros -Wno-long-long -fno-check-new -fno-common -fstrict-aliasing -DCOMPILER_SUPPORT_STRICTANSI -Werror   -strict-ansi -o CMakeFiles/cmTC_5a6ba.dir/src.cxx.o -c /home/captcha/HoldonBeginner/Sft/Github/eigen/build/CMakeFiles/CMakeTmp/src.cxx
c++: error: unrecognized command line option '-strict-ansi'
CMakeFiles/cmTC_5a6ba.dir/build.make:65: recipe for target 'CMakeFiles/cmTC_5a6ba.dir/src.cxx.o' failed
make[1]: *** [CMakeFiles/cmTC_5a6ba.dir/src.cxx.o] Error 1
make[1]: Leaving directory '/home/captcha/HoldonBeginner/Sft/Github/eigen/build/CMakeFiles/CMakeTmp'
Makefile:126: recipe for target 'cmTC_5a6ba/fast' failed
make: *** [cmTC_5a6ba/fast] Error 2

Source file was:
int main() { return 0; }
Performing C++ SOURCE FILE Test COMPILER_SUPPORT_Qunusedarguments failed with the following output:
Change Dir: /home/captcha/HoldonBeginner/Sft/Github/eigen/build/CMakeFiles/CMakeTmp

Run Build Command:"/usr/bin/make" "cmTC_94de4/fast"
/usr/bin/make -f CMakeFiles/cmTC_94de4.dir/build.make CMakeFiles/cmTC_94de4.dir/build
make[1]: Entering directory '/home/captcha/HoldonBeginner/Sft/Github/eigen/build/CMakeFiles/CMakeTmp'
Building CXX object CMakeFiles/cmTC_94de4.dir/src.cxx.o
/usr/bin/c++     -pedantic -Wall -Wextra -Wundef -Wcast-align -Wchar-subscripts -Wnon-virtual-dtor -Wunused-local-typedefs -Wpointer-arith -Wwrite-strings -Wformat-security -Wlogical-op -Wdouble-promotion -Wno-psabi -Wno-variadic-macros -Wno-long-long -fno-check-new -fno-common -fstrict-aliasing -DCOMPILER_SUPPORT_Qunusedarguments -Werror   -Qunused-arguments -o CMakeFiles/cmTC_94de4.dir/src.cxx.o -c /home/captcha/HoldonBeginner/Sft/Github/eigen/build/CMakeFiles/CMakeTmp/src.cxx
c++: error: unrecognized command line option '-Qunused-arguments'
CMakeFiles/cmTC_94de4.dir/build.make:65: recipe for target 'CMakeFiles/cmTC_94de4.dir/src.cxx.o' failed
make[1]: *** [CMakeFiles/cmTC_94de4.dir/src.cxx.o] Error 1
make[1]: Leaving directory '/home/captcha/HoldonBeginner/Sft/Github/eigen/build/CMakeFiles/CMakeTmp'
Makefile:126: recipe for target 'cmTC_94de4/fast' failed
make: *** [cmTC_94de4/fast] Error 2

Source file was:
int main() { return 0; }
Determining if the pthread_create exist failed with the following output:
Change Dir: /home/captcha/HoldonBeginner/Sft/Github/eigen/build/CMakeFiles/CMakeTmp

Run Build Command:"/usr/bin/make" "cmTC_f23d8/fast"
/usr/bin/make -f CMakeFiles/cmTC_f23d8.dir/build.make CMakeFiles/cmTC_f23d8.dir/build
make[1]: Entering directory '/home/captcha/HoldonBeginner/Sft/Github/eigen/build/CMakeFiles/CMakeTmp'
Building C object CMakeFiles/cmTC_f23d8.dir/CheckSymbolExists.c.o
/usr/bin/cc     -o CMakeFiles/cmTC_f23d8.dir/CheckSymbolExists.c.o   -c /home/captcha/HoldonBeginner/Sft/Github/eigen/build/CMakeFiles/CMakeTmp/CheckSymbolExists.c
Linking C executable cmTC_f23d8
/usr/bin/cmake -E cmake_link_script CMakeFiles/cmTC_f23d8.dir/link.txt --verbose=1
/usr/bin/cc       CMakeFiles/cmTC_f23d8.dir/CheckSymbolExists.c.o  -o cmTC_f23d8 -rdynamic 
CMakeFiles/cmTC_f23d8.dir/CheckSymbolExists.c.o: In function `main':
CheckSymbolExists.c:(.text+0x16): undefined reference to `pthread_create'
collect2: error: ld returned 1 exit status
CMakeFiles/cmTC_f23d8.dir/build.make:97: recipe for target 'cmTC_f23d8' failed
make[1]: *** [cmTC_f23d8] Error 1
make[1]: Leaving directory '/home/captcha/HoldonBeginner/Sft/Github/eigen/build/CMakeFiles/CMakeTmp'
Makefile:126: recipe for target 'cmTC_f23d8/fast' failed
make: *** [cmTC_f23d8/fast] Error 2

File /home/captcha/HoldonBeginner/Sft/Github/eigen/build/CMakeFiles/CMakeTmp/CheckSymbolExists.c:
/* */
#include <pthread.h>

int main(int argc, char** argv)
{
  (void)argv;
#ifndef pthread_create
  return ((int*)(&pthread_create))[argc];
#else
  (void)argc;
  return 0;
#endif
}

Determining if the function pthread_create exists in the pthreads failed with the following output:
Change Dir: /home/captcha/HoldonBeginner/Sft/Github/eigen/build/CMakeFiles/CMakeTmp

Run Build Command:"/usr/bin/make" "cmTC_b0e83/fast"
/usr/bin/make -f CMakeFiles/cmTC_b0e83.dir/build.make CMakeFiles/cmTC_b0e83.dir/build
make[1]: Entering directory '/home/captcha/HoldonBeginner/Sft/Github/eigen/build/CMakeFiles/CMakeTmp'
Building C object CMakeFiles/cmTC_b0e83.dir/CheckFunctionExists.c.o
/usr/bin/cc    -DCHECK_FUNCTION_EXISTS=pthread_create   -o CMakeFiles/cmTC_b0e83.dir/CheckFunctionExists.c.o   -c /usr/share/cmake-3.5/Modules/CheckFunctionExists.c
Linking C executable cmTC_b0e83
/usr/bin/cmake -E cmake_link_script CMakeFiles/cmTC_b0e83.dir/link.txt --verbose=1
/usr/bin/cc   -DCHECK_FUNCTION_EXISTS=pthread_create    CMakeFiles/cmTC_b0e83.dir/CheckFunctionExists.c.o  -o cmTC_b0e83 -rdynamic -lpthreads 
/usr/bin/ld: cannot find -lpthreads
collect2: error: ld returned 1 exit status
CMakeFiles/cmTC_b0e83.dir/build.make:97: recipe for target 'cmTC_b0e83' failed
make[1]: *** [cmTC_b0e83] Error 1
make[1]: Leaving directory '/home/captcha/HoldonBeginner/Sft/Github/eigen/build/CMakeFiles/CMakeTmp'
Makefile:126: recipe for target 'cmTC_b0e83/fast' failed
make: *** [cmTC_b0e83/fast] Error 2


